0 info it worked if it ends with ok
1 verbose cli [ '/usr/bin/node', '/usr/bin/npm', 'install', 'node-proxy' ]
2 info using npm@2.7.1
3 info using node@v0.12.0
4 silly cache add args [ 'node-proxy', null ]
5 verbose cache add spec node-proxy
6 silly cache add parsed spec { raw: 'node-proxy',
6 silly cache add   scope: null,
6 silly cache add   name: 'node-proxy',
6 silly cache add   rawSpec: '',
6 silly cache add   spec: '*',
6 silly cache add   type: 'range' }
7 verbose addNamed node-proxy@*
8 silly addNamed semver.valid null
9 silly addNamed semver.validRange *
10 silly addNameRange { name: 'node-proxy', range: '*', hasData: false }
11 silly mapToRegistry name node-proxy
12 silly mapToRegistry using default registry
13 silly mapToRegistry registry https://registry.npmjs.org/
14 silly mapToRegistry uri https://registry.npmjs.org/node-proxy
15 verbose addNameRange registry:https://registry.npmjs.org/node-proxy not in flight; fetching
16 verbose request uri https://registry.npmjs.org/node-proxy
17 verbose request no auth needed
18 info attempt registry request try #1 at 15:07:53
19 verbose request id 483026147bd853f2
20 verbose etag "CE6JAJ40NTJAKSDAV30H40XB4"
21 http request GET https://registry.npmjs.org/node-proxy
22 http 304 https://registry.npmjs.org/node-proxy
23 silly get cb [ 304,
23 silly get   { date: 'Thu, 19 Mar 2015 15:07:32 GMT',
23 silly get     server: 'Apache',
23 silly get     via: '1.1 varnish',
23 silly get     'last-modified': 'Thu, 19 Mar 2015 15:07:32 GMT',
23 silly get     'cache-control': 'max-age=60',
23 silly get     etag: '"CE6JAJ40NTJAKSDAV30H40XB4"',
23 silly get     age: '0',
23 silly get     'x-served-by': 'cache-lhr6322-LHR',
23 silly get     'x-cache': 'MISS',
23 silly get     'x-cache-hits': '0',
23 silly get     'x-timer': 'S1426777652.343572,VS0,VE87',
23 silly get     vary: 'Accept',
23 silly get     'content-length': '0',
23 silly get     'keep-alive': 'timeout=10, max=50',
23 silly get     connection: 'Keep-Alive' } ]
24 verbose etag https://registry.npmjs.org/node-proxy from cache
25 verbose get saving node-proxy to /root/.npm/registry.npmjs.org/node-proxy/.cache.json
26 silly addNameRange number 2 { name: 'node-proxy', range: '*', hasData: true }
27 silly addNameRange versions [ 'node-proxy',
27 silly addNameRange   [ '0.3.1',
27 silly addNameRange     '0.3.2',
27 silly addNameRange     '0.4.0',
27 silly addNameRange     '0.5.0',
27 silly addNameRange     '0.5.1',
27 silly addNameRange     '0.5.2',
27 silly addNameRange     '0.6.0',
27 silly addNameRange     '0.7.0',
27 silly addNameRange     '0.8.0' ] ]
28 verbose addNamed node-proxy@0.8.0
29 silly addNamed semver.valid 0.8.0
30 silly addNamed semver.validRange 0.8.0
31 silly cache afterAdd node-proxy@0.8.0
32 verbose afterAdd /root/.npm/node-proxy/0.8.0/package/package.json not in flight; writing
33 verbose afterAdd /root/.npm/node-proxy/0.8.0/package/package.json written
34 silly install resolved [ { name: 'node-proxy',
34 silly install resolved     version: '0.8.0',
34 silly install resolved     description: 'A module for node implementing __noSuchMethod__-type handlers, such as object overloading, as part of the Harmony Catch-All Proxies specification found at http://wiki.ecmascript.org/doku.php?id=harmony:proxies',
34 silly install resolved     keywords: [ 'interceptor', 'proxy', 'overload', '__noSuchMethod__' ],
34 silly install resolved     dependencies: { bindings: '1.1.x', nan: '0.8.x' },
34 silly install resolved     contributors: [ [Object], [Object], [Object], [Object] ],
34 silly install resolved     licenses: [ [Object] ],
34 silly install resolved     bugs: { url: 'http://github.com/samshull/node-proxy/issues' },
34 silly install resolved     implements: [ 'http://wiki.ecmascript.org/doku.php?id=harmony:proxies' ],
34 silly install resolved     engines: { node: '>=0.11.x', npm: '>= 1.1.17' },
34 silly install resolved     repository: { type: 'git', url: 'http://github.com/samshull/node-proxy' },
34 silly install resolved     main: './lib/node-proxy.js',
34 silly install resolved     scripts:
34 silly install resolved      { install: 'node-gyp configure build',
34 silly install resolved        test: 'node test/test.js' },
34 silly install resolved     homepage: 'https://github.com/samshull/node-proxy',
34 silly install resolved     _id: 'node-proxy@0.8.0',
34 silly install resolved     dist:
34 silly install resolved      { shasum: '2779cedc6cabd6d3196e34fa18dbd542415040ed',
34 silly install resolved        tarball: 'http://registry.npmjs.org/node-proxy/-/node-proxy-0.8.0.tgz' },
34 silly install resolved     _from: 'node-proxy@*',
34 silly install resolved     _npmVersion: '1.3.20',
34 silly install resolved     _npmUser: { name: 'brickysam26', email: 'brickysam26@gmail.com' },
34 silly install resolved     directories: {},
34 silly install resolved     _shasum: '2779cedc6cabd6d3196e34fa18dbd542415040ed',
34 silly install resolved     _resolved: 'https://registry.npmjs.org/node-proxy/-/node-proxy-0.8.0.tgz',
34 silly install resolved     readme: 'ERROR: No README data found!' } ]
35 info install node-proxy@0.8.0 into /root/BBCNewsHACK-2015
36 info installOne node-proxy@0.8.0
37 verbose installOne of node-proxy to /root/BBCNewsHACK-2015 not in flight; installing
38 verbose lock using /root/.npm/_locks/node-proxy-97cc8f53d7ea4c5d.lock for /root/BBCNewsHACK-2015/node_modules/node-proxy
39 silly install write writing node-proxy 0.8.0 to /root/BBCNewsHACK-2015/node_modules/node-proxy
40 silly cache addNamed cb node-proxy@0.8.0
41 verbose unbuild node_modules/node-proxy
42 verbose gentlyRm vacuuming /root/BBCNewsHACK-2015/node_modules/node-proxy
43 verbose tar unpack /root/.npm/node-proxy/0.8.0/package.tgz
44 verbose tar unpacking to /root/BBCNewsHACK-2015/node_modules/node-proxy
45 verbose gentlyRm vacuuming /root/BBCNewsHACK-2015/node_modules/node-proxy
46 silly gunzTarPerm modes [ '755', '644' ]
47 silly gunzTarPerm extractEntry package.json
48 silly gunzTarPerm extractEntry .npmignore
49 silly gunzTarPerm extractEntry README.md
50 silly gunzTarPerm extractEntry LICENSE.txt
51 silly gunzTarPerm extractEntry binding.gyp
52 silly gunzTarPerm extractEntry examples/autoload-namespace/autoload-namespace.js
53 silly gunzTarPerm extractEntry examples/autoload-namespace/autoload-test.js
54 silly gunzTarPerm extractEntry examples/autoload-namespace/org/w3c/DOM/Document.js
55 silly gunzTarPerm extractEntry examples/autoload-namespace/org/w3c/DOM/Document/String/Test.js
56 silly gunzTarPerm extractEntry lib/node-proxy.js
57 silly gunzTarPerm extractEntry src/node-proxy.cc
58 silly gunzTarPerm extractEntry src/node-proxy.h
59 silly gunzTarPerm extractEntry test/test.js
60 info preinstall node-proxy@0.8.0
61 silly prepareForInstallMany adding bindings@1.1.x from node-proxy dependencies
62 silly prepareForInstallMany adding nan@0.8.x from node-proxy dependencies
63 silly cache add args [ 'bindings@1.1.x', null ]
64 verbose cache add spec bindings@1.1.x
65 silly cache add args [ 'nan@0.8.x', null ]
66 verbose cache add spec nan@0.8.x
67 silly cache add parsed spec { raw: 'bindings@1.1.x',
67 silly cache add   scope: null,
67 silly cache add   name: 'bindings',
67 silly cache add   rawSpec: '1.1.x',
67 silly cache add   spec: '>=1.1.0 <1.2.0',
67 silly cache add   type: 'range' }
68 verbose addNamed bindings@>=1.1.0 <1.2.0
69 silly addNamed semver.valid null
70 silly addNamed semver.validRange >=1.1.0 <1.2.0
71 silly addNameRange { name: 'bindings', range: '>=1.1.0 <1.2.0', hasData: false }
72 silly mapToRegistry name bindings
73 silly mapToRegistry using default registry
74 silly mapToRegistry registry https://registry.npmjs.org/
75 silly mapToRegistry uri https://registry.npmjs.org/bindings
76 verbose addNameRange registry:https://registry.npmjs.org/bindings not in flight; fetching
77 silly cache add parsed spec { raw: 'nan@0.8.x',
77 silly cache add   scope: null,
77 silly cache add   name: 'nan',
77 silly cache add   rawSpec: '0.8.x',
77 silly cache add   spec: '>=0.8.0 <0.9.0',
77 silly cache add   type: 'range' }
78 verbose addNamed nan@>=0.8.0 <0.9.0
79 silly addNamed semver.valid null
80 silly addNamed semver.validRange >=0.8.0 <0.9.0
81 silly addNameRange { name: 'nan', range: '>=0.8.0 <0.9.0', hasData: false }
82 silly mapToRegistry name nan
83 silly mapToRegistry using default registry
84 silly mapToRegistry registry https://registry.npmjs.org/
85 silly mapToRegistry uri https://registry.npmjs.org/nan
86 verbose addNameRange registry:https://registry.npmjs.org/nan not in flight; fetching
87 verbose request uri https://registry.npmjs.org/bindings
88 verbose request no auth needed
89 info attempt registry request try #1 at 15:07:58
90 verbose etag "5997G8NY1OJEMZ1HNHL7VBX5J"
91 http request GET https://registry.npmjs.org/bindings
92 verbose request uri https://registry.npmjs.org/nan
93 verbose request no auth needed
94 info attempt registry request try #1 at 15:07:58
95 verbose etag "53INR1O88FGBCSW2EGGM70X6N"
96 http request GET https://registry.npmjs.org/nan
97 http 304 https://registry.npmjs.org/bindings
98 silly get cb [ 304,
98 silly get   { date: 'Thu, 19 Mar 2015 15:07:32 GMT',
98 silly get     server: 'Apache',
98 silly get     via: '1.1 varnish',
98 silly get     'last-modified': 'Thu, 19 Mar 2015 15:07:32 GMT',
98 silly get     'cache-control': 'max-age=60',
98 silly get     etag: '"5997G8NY1OJEMZ1HNHL7VBX5J"',
98 silly get     age: '18',
98 silly get     'x-served-by': 'cache-lcy1127-LCY',
98 silly get     'x-cache': 'HIT',
98 silly get     'x-cache-hits': '1',
98 silly get     'x-timer': 'S1426777652.673003,VS0,VE0',
98 silly get     vary: 'Accept',
98 silly get     'content-length': '0',
98 silly get     'keep-alive': 'timeout=10, max=50',
98 silly get     connection: 'Keep-Alive' } ]
99 verbose etag https://registry.npmjs.org/bindings from cache
100 verbose get saving bindings to /root/.npm/registry.npmjs.org/bindings/.cache.json
101 silly addNameRange number 2 { name: 'bindings', range: '>=1.1.0 <1.2.0', hasData: true }
102 silly addNameRange versions [ 'bindings',
102 silly addNameRange   [ '0.0.1',
102 silly addNameRange     '0.1.0',
102 silly addNameRange     '0.1.1',
102 silly addNameRange     '0.2.0',
102 silly addNameRange     '0.2.1',
102 silly addNameRange     '0.2.2',
102 silly addNameRange     '0.2.3',
102 silly addNameRange     '0.2.4',
102 silly addNameRange     '0.3.0',
102 silly addNameRange     '0.4.0',
102 silly addNameRange     '1.0.0',
102 silly addNameRange     '1.1.0',
102 silly addNameRange     '1.1.1',
102 silly addNameRange     '1.2.0',
102 silly addNameRange     '1.2.1' ] ]
103 verbose addNamed bindings@1.1.1
104 silly addNamed semver.valid 1.1.1
105 silly addNamed semver.validRange 1.1.1
106 silly cache afterAdd bindings@1.1.1
107 verbose afterAdd /root/.npm/bindings/1.1.1/package/package.json not in flight; writing
108 verbose afterAdd /root/.npm/bindings/1.1.1/package/package.json written
109 http 304 https://registry.npmjs.org/nan
110 silly get cb [ 304,
110 silly get   { date: 'Thu, 19 Mar 2015 15:07:32 GMT',
110 silly get     server: 'Apache',
110 silly get     via: '1.1 varnish',
110 silly get     'last-modified': 'Thu, 19 Mar 2015 15:07:32 GMT',
110 silly get     'cache-control': 'max-age=60',
110 silly get     etag: '"53INR1O88FGBCSW2EGGM70X6N"',
110 silly get     age: '29',
110 silly get     'x-served-by': 'cache-lcy1124-LCY',
110 silly get     'x-cache': 'HIT',
110 silly get     'x-cache-hits': '1',
110 silly get     'x-timer': 'S1426777652.689376,VS0,VE1',
110 silly get     vary: 'Accept',
110 silly get     'content-length': '0',
110 silly get     'keep-alive': 'timeout=10, max=50',
110 silly get     connection: 'Keep-Alive' } ]
111 verbose etag https://registry.npmjs.org/nan from cache
112 verbose get saving nan to /root/.npm/registry.npmjs.org/nan/.cache.json
113 silly addNameRange number 2 { name: 'nan', range: '>=0.8.0 <0.9.0', hasData: true }
114 silly addNameRange versions [ 'nan',
114 silly addNameRange   [ '0.3.0-wip',
114 silly addNameRange     '0.3.0-wip2',
114 silly addNameRange     '0.3.0',
114 silly addNameRange     '0.3.1',
114 silly addNameRange     '0.3.2',
114 silly addNameRange     '0.4.0',
114 silly addNameRange     '0.4.1',
114 silly addNameRange     '0.4.2',
114 silly addNameRange     '0.4.3',
114 silly addNameRange     '0.4.4',
114 silly addNameRange     '0.5.0',
114 silly addNameRange     '0.5.1',
114 silly addNameRange     '0.5.2',
114 silly addNameRange     '0.6.0',
114 silly addNameRange     '0.7.0',
114 silly addNameRange     '0.7.1',
114 silly addNameRange     '0.8.0',
114 silly addNameRange     '1.0.0',
114 silly addNameRange     '1.1.0',
114 silly addNameRange     '1.1.1',
114 silly addNameRange     '1.1.2',
114 silly addNameRange     '1.2.0',
114 silly addNameRange     '1.3.0',
114 silly addNameRange     '1.4.0',
114 silly addNameRange     '1.4.1',
114 silly addNameRange     '1.5.0',
114 silly addNameRange     '1.4.2',
114 silly addNameRange     '1.4.3',
114 silly addNameRange     '1.5.1',
114 silly addNameRange     '1.5.2',
114 silly addNameRange     '1.6.0',
114 silly addNameRange     '1.5.3',
114 silly addNameRange     '1.6.1',
114 silly addNameRange     '1.6.2',
114 silly addNameRange     '1.7.0' ] ]
115 verbose addNamed nan@0.8.0
116 silly addNamed semver.valid 0.8.0
117 silly addNamed semver.validRange 0.8.0
118 silly cache afterAdd nan@0.8.0
119 verbose afterAdd /root/.npm/nan/0.8.0/package/package.json not in flight; writing
120 verbose afterAdd /root/.npm/nan/0.8.0/package/package.json written
121 silly install resolved [ { name: 'bindings',
121 silly install resolved     description: 'Helper module for loading your native module\'s .node file',
121 silly install resolved     keywords: [ 'native', 'addon', 'bindings', 'gyp', 'waf', 'c', 'c++' ],
121 silly install resolved     version: '1.1.1',
121 silly install resolved     author:
121 silly install resolved      { name: 'Nathan Rajlich',
121 silly install resolved        email: 'nathan@tootallnate.net',
121 silly install resolved        url: 'http://tootallnate.net' },
121 silly install resolved     repository:
121 silly install resolved      { type: 'git',
121 silly install resolved        url: 'git://github.com/TooTallNate/node-bindings.git' },
121 silly install resolved     main: './bindings.js',
121 silly install resolved     bugs: { url: 'https://github.com/TooTallNate/node-bindings/issues' },
121 silly install resolved     _id: 'bindings@1.1.1',
121 silly install resolved     dist:
121 silly install resolved      { shasum: '951f7ae010302ffc50b265b124032017ed2bf6f3',
121 silly install resolved        tarball: 'http://registry.npmjs.org/bindings/-/bindings-1.1.1.tgz' },
121 silly install resolved     _from: 'bindings@>=1.1.0 <1.2.0',
121 silly install resolved     _npmVersion: '1.3.2',
121 silly install resolved     _npmUser: { name: 'tootallnate', email: 'nathan@tootallnate.net' },
121 silly install resolved     maintainers: [ [Object], [Object] ],
121 silly install resolved     directories: {},
121 silly install resolved     _shasum: '951f7ae010302ffc50b265b124032017ed2bf6f3',
121 silly install resolved     _resolved: 'https://registry.npmjs.org/bindings/-/bindings-1.1.1.tgz',
121 silly install resolved     readme: 'ERROR: No README data found!',
121 silly install resolved     homepage: 'https://github.com/TooTallNate/node-bindings' },
121 silly install resolved   { name: 'nan',
121 silly install resolved     version: '0.8.0',
121 silly install resolved     description: 'Native Abstractions for Node.js: C++ header for Node 0.8->0.12 compatibility',
121 silly install resolved     main: 'include_dirs.js',
121 silly install resolved     repository: { type: 'git', url: 'git://github.com/rvagg/nan.git' },
121 silly install resolved     contributors: [ [Object], [Object], [Object], [Object], [Object], [Object] ],
121 silly install resolved     license: 'MIT',
121 silly install resolved     bugs: { url: 'https://github.com/rvagg/nan/issues' },
121 silly install resolved     homepage: 'https://github.com/rvagg/nan',
121 silly install resolved     _id: 'nan@0.8.0',
121 silly install resolved     dist:
121 silly install resolved      { shasum: '022a8fa5e9fe8420964ac1fb3dc94e17f449f5fd',
121 silly install resolved        tarball: 'http://registry.npmjs.org/nan/-/nan-0.8.0.tgz' },
121 silly install resolved     _from: 'nan@>=0.8.0 <0.9.0',
121 silly install resolved     _npmVersion: '1.3.21',
121 silly install resolved     _npmUser: { name: 'rvagg', email: 'rod@vagg.org' },
121 silly install resolved     maintainers: [ [Object] ],
121 silly install resolved     directories: {},
121 silly install resolved     _shasum: '022a8fa5e9fe8420964ac1fb3dc94e17f449f5fd',
121 silly install resolved     _resolved: 'https://registry.npmjs.org/nan/-/nan-0.8.0.tgz',
121 silly install resolved     readme: 'ERROR: No README data found!' } ]
122 info install bindings@1.1.1 into /root/BBCNewsHACK-2015/node_modules/node-proxy
123 info install nan@0.8.0 into /root/BBCNewsHACK-2015/node_modules/node-proxy
124 info installOne bindings@1.1.1
125 verbose installOne of bindings to /root/BBCNewsHACK-2015/node_modules/node-proxy not in flight; installing
126 info installOne nan@0.8.0
127 verbose installOne of nan to /root/BBCNewsHACK-2015/node_modules/node-proxy not in flight; installing
128 verbose lock using /root/.npm/_locks/bindings-ac25ec4ad75f8b5b.lock for /root/BBCNewsHACK-2015/node_modules/node-proxy/node_modules/bindings
129 verbose lock using /root/.npm/_locks/nan-5c755863613c72bb.lock for /root/BBCNewsHACK-2015/node_modules/node-proxy/node_modules/nan
130 silly install write writing bindings 1.1.1 to /root/BBCNewsHACK-2015/node_modules/node-proxy/node_modules/bindings
131 silly cache addNamed cb bindings@1.1.1
132 verbose unbuild node_modules/node-proxy/node_modules/bindings
133 silly install write writing nan 0.8.0 to /root/BBCNewsHACK-2015/node_modules/node-proxy/node_modules/nan
134 silly cache addNamed cb nan@0.8.0
135 verbose unbuild node_modules/node-proxy/node_modules/nan
136 verbose gentlyRm vacuuming /root/BBCNewsHACK-2015/node_modules/node-proxy/node_modules/bindings
137 verbose gentlyRm vacuuming /root/BBCNewsHACK-2015/node_modules/node-proxy/node_modules/nan
138 verbose tar unpack /root/.npm/bindings/1.1.1/package.tgz
139 verbose tar unpacking to /root/BBCNewsHACK-2015/node_modules/node-proxy/node_modules/bindings
140 verbose gentlyRm vacuuming /root/BBCNewsHACK-2015/node_modules/node-proxy/node_modules/bindings
141 verbose tar unpack /root/.npm/nan/0.8.0/package.tgz
142 verbose tar unpacking to /root/BBCNewsHACK-2015/node_modules/node-proxy/node_modules/nan
143 verbose gentlyRm vacuuming /root/BBCNewsHACK-2015/node_modules/node-proxy/node_modules/nan
144 silly gunzTarPerm modes [ '755', '644' ]
145 silly gunzTarPerm modes [ '755', '644' ]
146 silly gunzTarPerm extractEntry package.json
147 silly gunzTarPerm extractEntry package.json
148 silly gunzTarPerm extractEntry README.md
149 silly gunzTarPerm extractEntry bindings.js
150 silly gunzTarPerm extractEntry README.md
151 silly gunzTarPerm extractEntry LICENSE
152 silly gunzTarPerm extractEntry include_dirs.js
153 silly gunzTarPerm extractEntry .dntrc
154 silly gunzTarPerm extractEntry build/config.gypi
155 silly gunzTarPerm extractEntry nan.h
156 info preinstall bindings@1.1.1
157 silly install resolved []
158 verbose about to build /root/BBCNewsHACK-2015/node_modules/node-proxy/node_modules/bindings
159 info build /root/BBCNewsHACK-2015/node_modules/node-proxy/node_modules/bindings
160 verbose linkStuff [ false,
160 verbose linkStuff   false,
160 verbose linkStuff   false,
160 verbose linkStuff   '/root/BBCNewsHACK-2015/node_modules/node-proxy/node_modules' ]
161 info linkStuff bindings@1.1.1
162 verbose linkBins bindings@1.1.1
163 verbose linkMans bindings@1.1.1
164 verbose rebuildBundles bindings@1.1.1
165 info install bindings@1.1.1
166 info postinstall bindings@1.1.1
167 verbose unlock done using /root/.npm/_locks/bindings-ac25ec4ad75f8b5b.lock for /root/BBCNewsHACK-2015/node_modules/node-proxy/node_modules/bindings
168 info preinstall nan@0.8.0
169 silly install resolved []
170 verbose about to build /root/BBCNewsHACK-2015/node_modules/node-proxy/node_modules/nan
171 info build /root/BBCNewsHACK-2015/node_modules/node-proxy/node_modules/nan
172 verbose linkStuff [ false,
172 verbose linkStuff   false,
172 verbose linkStuff   false,
172 verbose linkStuff   '/root/BBCNewsHACK-2015/node_modules/node-proxy/node_modules' ]
173 info linkStuff nan@0.8.0
174 verbose linkBins nan@0.8.0
175 verbose linkMans nan@0.8.0
176 verbose rebuildBundles nan@0.8.0
177 info install nan@0.8.0
178 info postinstall nan@0.8.0
179 verbose unlock done using /root/.npm/_locks/nan-5c755863613c72bb.lock for /root/BBCNewsHACK-2015/node_modules/node-proxy/node_modules/nan
180 verbose about to build /root/BBCNewsHACK-2015/node_modules/node-proxy
181 info build /root/BBCNewsHACK-2015/node_modules/node-proxy
182 verbose linkStuff [ false, false, false, '/root/BBCNewsHACK-2015/node_modules' ]
183 info linkStuff node-proxy@0.8.0
184 verbose linkBins node-proxy@0.8.0
185 verbose linkMans node-proxy@0.8.0
186 verbose rebuildBundles node-proxy@0.8.0
187 verbose rebuildBundles [ 'bindings', 'nan' ]
188 info install node-proxy@0.8.0
189 verbose unsafe-perm in lifecycle false
190 info node-proxy@0.8.0 Failed to exec install script
191 verbose unlock done using /root/.npm/_locks/node-proxy-97cc8f53d7ea4c5d.lock for /root/BBCNewsHACK-2015/node_modules/node-proxy
192 verbose stack Error: node-proxy@0.8.0 install: `node-gyp configure build`
192 verbose stack Exit status 1
192 verbose stack     at EventEmitter.<anonymous> (/usr/lib/node_modules/npm/lib/utils/lifecycle.js:213:16)
192 verbose stack     at EventEmitter.emit (events.js:110:17)
192 verbose stack     at ChildProcess.<anonymous> (/usr/lib/node_modules/npm/lib/utils/spawn.js:14:12)
192 verbose stack     at ChildProcess.emit (events.js:110:17)
192 verbose stack     at maybeClose (child_process.js:1008:16)
192 verbose stack     at Process.ChildProcess._handle.onexit (child_process.js:1080:5)
193 verbose pkgid node-proxy@0.8.0
194 verbose cwd /root/BBCNewsHACK-2015
195 error Linux 3.18.0-CUSTOM
196 error argv "/usr/bin/node" "/usr/bin/npm" "install" "node-proxy"
197 error node v0.12.0
198 error npm  v2.7.1
199 error code ELIFECYCLE
200 error node-proxy@0.8.0 install: `node-gyp configure build`
200 error Exit status 1
201 error Failed at the node-proxy@0.8.0 install script 'node-gyp configure build'.
201 error This is most likely a problem with the node-proxy package,
201 error not with npm itself.
201 error Tell the author that this fails on your system:
201 error     node-gyp configure build
201 error You can get their info via:
201 error     npm owner ls node-proxy
201 error There is likely additional logging output above.
202 verbose exit [ 1, true ]
203 verbose unbuild node_modules/node-proxy
204 info preuninstall node-proxy@0.8.0
205 info uninstall node-proxy@0.8.0
206 verbose unbuild rmStuff node-proxy@0.8.0 from /root/BBCNewsHACK-2015/node_modules
207 info postuninstall node-proxy@0.8.0
208 verbose gentlyRm vacuuming /root/BBCNewsHACK-2015/node_modules/node-proxy
209 silly gentlyRm purging /root/BBCNewsHACK-2015/node_modules/node-proxy
210 silly gentlyRm quitting because other entries in /root/BBCNewsHACK-2015/node_modules
